# StreamVersion 1
EnterEvent 790 183 0 0 0 0 0
MouseMoveEvent 780 183 0 0 0 0 0
MouseMoveEvent 775 183 0 0 0 0 0
MouseMoveEvent 771 183 0 0 0 0 0
MouseMoveEvent 764 183 0 0 0 0 0
MouseMoveEvent 758 184 0 0 0 0 0
MouseMoveEvent 754 184 0 0 0 0 0
MouseMoveEvent 752 185 0 0 0 0 0
MouseMoveEvent 751 186 0 0 0 0 0
MouseMoveEvent 747 186 0 0 0 0 0
MouseMoveEvent 740 186 0 0 0 0 0
MouseMoveEvent 723 183 0 0 0 0 0
MouseMoveEvent 701 178 0 0 0 0 0
MouseMoveEvent 682 173 0 0 0 0 0
MouseMoveEvent 666 167 0 0 0 0 0
MouseMoveEvent 662 165 0 0 0 0 0
MouseMoveEvent 660 164 0 0 0 0 0
MouseMoveEvent 659 164 0 0 0 0 0
MouseMoveEvent 658 164 0 0 0 0 0
MouseMoveEvent 657 163 0 0 0 0 0
MouseMoveEvent 654 163 0 0 0 0 0
MouseMoveEvent 653 163 0 0 0 0 0
MouseMoveEvent 652 163 0 0 0 0 0
MouseMoveEvent 651 164 0 0 0 0 0
MouseMoveEvent 650 164 0 0 0 0 0
MouseMoveEvent 649 166 0 0 0 0 0
MouseMoveEvent 647 168 0 0 0 0 0
MouseMoveEvent 644 170 0 0 0 0 0
MouseMoveEvent 641 171 0 0 0 0 0
MouseMoveEvent 639 171 0 0 0 0 0
MouseMoveEvent 638 171 0 0 0 0 0
LeftButtonPressEvent 638 171 0 0 0 0 0
StartInteractionEvent 638 171 0 0 0 0 0
TimerEvent 638 171 0 0 0 0 0
RenderEvent 638 171 0 0 0 0 0
TimerEvent 638 171 0 0 0 0 0
RenderEvent 638 171 0 0 0 0 0
TimerEvent 638 171 0 0 0 0 0
RenderEvent 638 171 0 0 0 0 0
TimerEvent 638 171 0 0 0 0 0
RenderEvent 638 171 0 0 0 0 0
TimerEvent 638 171 0 0 0 0 0
RenderEvent 638 171 0 0 0 0 0
TimerEvent 638 171 0 0 0 0 0
RenderEvent 638 171 0 0 0 0 0
MouseMoveEvent 639 171 0 0 0 0 0
TimerEvent 639 171 0 0 0 0 0
RenderEvent 639 171 0 0 0 0 0
MouseMoveEvent 644 170 0 0 0 0 0
TimerEvent 644 170 0 0 0 0 0
RenderEvent 644 170 0 0 0 0 0
MouseMoveEvent 647 170 0 0 0 0 0
TimerEvent 647 170 0 0 0 0 0
RenderEvent 647 170 0 0 0 0 0
MouseMoveEvent 648 170 0 0 0 0 0
TimerEvent 648 170 0 0 0 0 0
RenderEvent 648 170 0 0 0 0 0
MouseMoveEvent 650 170 0 0 0 0 0
TimerEvent 650 170 0 0 0 0 0
RenderEvent 650 170 0 0 0 0 0
MouseMoveEvent 653 170 0 0 0 0 0
TimerEvent 653 170 0 0 0 0 0
RenderEvent 653 170 0 0 0 0 0
MouseMoveEvent 657 170 0 0 0 0 0
TimerEvent 657 170 0 0 0 0 0
RenderEvent 657 170 0 0 0 0 0
MouseMoveEvent 658 170 0 0 0 0 0
TimerEvent 658 170 0 0 0 0 0
RenderEvent 658 170 0 0 0 0 0
MouseMoveEvent 660 170 0 0 0 0 0
TimerEvent 660 170 0 0 0 0 0
RenderEvent 660 170 0 0 0 0 0
MouseMoveEvent 662 170 0 0 0 0 0
TimerEvent 662 170 0 0 0 0 0
RenderEvent 662 170 0 0 0 0 0
MouseMoveEvent 664 170 0 0 0 0 0
TimerEvent 664 170 0 0 0 0 0
RenderEvent 664 170 0 0 0 0 0
MouseMoveEvent 664 171 0 0 0 0 0
TimerEvent 664 171 0 0 0 0 0
RenderEvent 664 171 0 0 0 0 0
TimerEvent 664 171 0 0 0 0 0
RenderEvent 664 171 0 0 0 0 0
TimerEvent 664 171 0 0 0 0 0
RenderEvent 664 171 0 0 0 0 0
TimerEvent 664 171 0 0 0 0 0
RenderEvent 664 171 0 0 0 0 0
LeftButtonReleaseEvent 664 171 0 0 0 0 0
EndInteractionEvent 664 171 0 0 0 0 0
RenderEvent 664 171 0 0 0 0 0
MouseMoveEvent 662 170 0 0 0 0 0
MouseMoveEvent 658 170 0 0 0 0 0
MouseMoveEvent 656 170 0 0 0 0 0
MouseMoveEvent 655 170 0 0 0 0 0
MouseMoveEvent 651 169 0 0 0 0 0
MouseMoveEvent 649 169 0 0 0 0 0
MouseMoveEvent 646 169 0 0 0 0 0
MouseMoveEvent 645 169 0 0 0 0 0
MouseMoveEvent 644 169 0 0 0 0 0
MouseMoveEvent 643 169 0 0 0 0 0
MouseMoveEvent 642 171 0 0 0 0 0
MouseMoveEvent 640 173 0 0 0 0 0
MouseMoveEvent 638 175 0 0 0 0 0
MouseMoveEvent 637 176 0 0 0 0 0
MouseMoveEvent 635 180 0 0 0 0 0
MouseMoveEvent 634 183 0 0 0 0 0
MouseMoveEvent 632 186 0 0 0 0 0
MouseMoveEvent 631 187 0 0 0 0 0
MouseMoveEvent 631 188 0 0 0 0 0
MouseMoveEvent 630 189 0 0 0 0 0
MouseMoveEvent 630 190 0 0 0 0 0
MouseMoveEvent 629 190 0 0 0 0 0
MouseMoveEvent 629 191 0 0 0 0 0
MouseMoveEvent 629 193 0 0 0 0 0
MouseMoveEvent 629 194 0 0 0 0 0
MouseMoveEvent 629 195 0 0 0 0 0
MouseMoveEvent 629 197 0 0 0 0 0
MouseMoveEvent 628 198 0 0 0 0 0
MouseMoveEvent 628 199 0 0 0 0 0
MouseMoveEvent 627 200 0 0 0 0 0
LeftButtonPressEvent 627 200 0 0 0 0 0
StartInteractionEvent 627 200 0 0 0 0 0
TimerEvent 627 200 0 0 0 0 0
RenderEvent 627 200 0 0 0 0 0
MouseMoveEvent 627 201 0 0 0 0 0
TimerEvent 627 201 0 0 0 0 0
RenderEvent 627 201 0 0 0 0 0
TimerEvent 627 201 0 0 0 0 0
RenderEvent 627 201 0 0 0 0 0
MouseMoveEvent 627 202 0 0 0 0 0
TimerEvent 627 202 0 0 0 0 0
RenderEvent 627 202 0 0 0 0 0
MouseMoveEvent 626 207 0 0 0 0 0
TimerEvent 626 207 0 0 0 0 0
RenderEvent 626 207 0 0 0 0 0
MouseMoveEvent 626 210 0 0 0 0 0
TimerEvent 626 210 0 0 0 0 0
RenderEvent 626 210 0 0 0 0 0
MouseMoveEvent 625 213 0 0 0 0 0
TimerEvent 625 213 0 0 0 0 0
RenderEvent 625 213 0 0 0 0 0
MouseMoveEvent 625 215 0 0 0 0 0
TimerEvent 625 215 0 0 0 0 0
RenderEvent 625 215 0 0 0 0 0
MouseMoveEvent 624 218 0 0 0 0 0
TimerEvent 624 218 0 0 0 0 0
RenderEvent 624 218 0 0 0 0 0
MouseMoveEvent 624 220 0 0 0 0 0
TimerEvent 624 220 0 0 0 0 0
RenderEvent 624 220 0 0 0 0 0
MouseMoveEvent 624 221 0 0 0 0 0
TimerEvent 624 221 0 0 0 0 0
RenderEvent 624 221 0 0 0 0 0
MouseMoveEvent 623 223 0 0 0 0 0
TimerEvent 623 223 0 0 0 0 0
RenderEvent 623 223 0 0 0 0 0
MouseMoveEvent 622 226 0 0 0 0 0
TimerEvent 622 226 0 0 0 0 0
RenderEvent 622 226 0 0 0 0 0
MouseMoveEvent 622 227 0 0 0 0 0
TimerEvent 622 227 0 0 0 0 0
RenderEvent 622 227 0 0 0 0 0
MouseMoveEvent 621 230 0 0 0 0 0
TimerEvent 621 230 0 0 0 0 0
RenderEvent 621 230 0 0 0 0 0
MouseMoveEvent 620 233 0 0 0 0 0
TimerEvent 620 233 0 0 0 0 0
RenderEvent 620 233 0 0 0 0 0
MouseMoveEvent 620 236 0 0 0 0 0
TimerEvent 620 236 0 0 0 0 0
RenderEvent 620 236 0 0 0 0 0
MouseMoveEvent 620 238 0 0 0 0 0
TimerEvent 620 238 0 0 0 0 0
RenderEvent 620 238 0 0 0 0 0
MouseMoveEvent 620 240 0 0 0 0 0
TimerEvent 620 240 0 0 0 0 0
RenderEvent 620 240 0 0 0 0 0
MouseMoveEvent 620 241 0 0 0 0 0
TimerEvent 620 241 0 0 0 0 0
RenderEvent 620 241 0 0 0 0 0
TimerEvent 620 241 0 0 0 0 0
RenderEvent 620 241 0 0 0 0 0
TimerEvent 620 241 0 0 0 0 0
RenderEvent 620 241 0 0 0 0 0
TimerEvent 620 241 0 0 0 0 0
RenderEvent 620 241 0 0 0 0 0
TimerEvent 620 241 0 0 0 0 0
RenderEvent 620 241 0 0 0 0 0
TimerEvent 620 241 0 0 0 0 0
RenderEvent 620 241 0 0 0 0 0
LeftButtonReleaseEvent 620 241 0 0 0 0 0
EndInteractionEvent 620 241 0 0 0 0 0
RenderEvent 620 241 0 0 0 0 0
MouseMoveEvent 619 244 0 0 0 0 0
MouseMoveEvent 619 246 0 0 0 0 0
MouseMoveEvent 619 247 0 0 0 0 0
MouseMoveEvent 619 249 0 0 0 0 0
MouseMoveEvent 619 251 0 0 0 0 0
MouseMoveEvent 619 252 0 0 0 0 0
MouseMoveEvent 619 253 0 0 0 0 0
MouseMoveEvent 619 254 0 0 0 0 0
MouseMoveEvent 619 255 0 0 0 0 0
MouseMoveEvent 619 257 0 0 0 0 0
MouseMoveEvent 618 259 0 0 0 0 0
MouseMoveEvent 618 260 0 0 0 0 0
MouseMoveEvent 618 261 0 0 0 0 0
LeftButtonPressEvent 618 261 0 0 0 0 0
StartInteractionEvent 618 261 0 0 0 0 0
TimerEvent 618 261 0 0 0 0 0
RenderEvent 618 261 0 0 0 0 0
TimerEvent 618 261 0 0 0 0 0
RenderEvent 618 261 0 0 0 0 0
TimerEvent 618 261 0 0 0 0 0
RenderEvent 618 261 0 0 0 0 0
MouseMoveEvent 618 256 0 0 0 0 0
TimerEvent 618 256 0 0 0 0 0
RenderEvent 618 256 0 0 0 0 0
MouseMoveEvent 618 250 0 0 0 0 0
TimerEvent 618 250 0 0 0 0 0
RenderEvent 618 250 0 0 0 0 0
MouseMoveEvent 618 248 0 0 0 0 0
TimerEvent 618 248 0 0 0 0 0
RenderEvent 618 248 0 0 0 0 0
MouseMoveEvent 618 246 0 0 0 0 0
TimerEvent 618 246 0 0 0 0 0
RenderEvent 618 246 0 0 0 0 0
MouseMoveEvent 618 243 0 0 0 0 0
TimerEvent 618 243 0 0 0 0 0
RenderEvent 618 243 0 0 0 0 0
MouseMoveEvent 618 240 0 0 0 0 0
TimerEvent 618 240 0 0 0 0 0
RenderEvent 618 240 0 0 0 0 0
MouseMoveEvent 618 237 0 0 0 0 0
TimerEvent 618 237 0 0 0 0 0
RenderEvent 618 237 0 0 0 0 0
MouseMoveEvent 617 231 0 0 0 0 0
TimerEvent 617 231 0 0 0 0 0
RenderEvent 617 231 0 0 0 0 0
MouseMoveEvent 617 223 0 0 0 0 0
TimerEvent 617 223 0 0 0 0 0
RenderEvent 617 223 0 0 0 0 0
MouseMoveEvent 617 210 0 0 0 0 0
TimerEvent 617 210 0 0 0 0 0
RenderEvent 617 210 0 0 0 0 0
MouseMoveEvent 617 203 0 0 0 0 0
TimerEvent 617 203 0 0 0 0 0
RenderEvent 617 203 0 0 0 0 0
MouseMoveEvent 617 198 0 0 0 0 0
TimerEvent 617 198 0 0 0 0 0
RenderEvent 617 198 0 0 0 0 0
MouseMoveEvent 617 196 0 0 0 0 0
TimerEvent 617 196 0 0 0 0 0
RenderEvent 617 196 0 0 0 0 0
MouseMoveEvent 617 193 0 0 0 0 0
TimerEvent 617 193 0 0 0 0 0
RenderEvent 617 193 0 0 0 0 0
MouseMoveEvent 617 191 0 0 0 0 0
TimerEvent 617 191 0 0 0 0 0
RenderEvent 617 191 0 0 0 0 0
MouseMoveEvent 617 188 0 0 0 0 0
TimerEvent 617 188 0 0 0 0 0
RenderEvent 617 188 0 0 0 0 0
MouseMoveEvent 617 182 0 0 0 0 0
TimerEvent 617 182 0 0 0 0 0
RenderEvent 617 182 0 0 0 0 0
MouseMoveEvent 617 169 0 0 0 0 0
TimerEvent 617 169 0 0 0 0 0
RenderEvent 617 169 0 0 0 0 0
MouseMoveEvent 617 162 0 0 0 0 0
TimerEvent 617 162 0 0 0 0 0
RenderEvent 617 162 0 0 0 0 0
MouseMoveEvent 617 158 0 0 0 0 0
TimerEvent 617 158 0 0 0 0 0
RenderEvent 617 158 0 0 0 0 0
MouseMoveEvent 617 155 0 0 0 0 0
TimerEvent 617 155 0 0 0 0 0
RenderEvent 617 155 0 0 0 0 0
MouseMoveEvent 617 152 0 0 0 0 0
TimerEvent 617 152 0 0 0 0 0
RenderEvent 617 152 0 0 0 0 0
MouseMoveEvent 617 149 0 0 0 0 0
TimerEvent 617 149 0 0 0 0 0
RenderEvent 617 149 0 0 0 0 0
MouseMoveEvent 617 144 0 0 0 0 0
TimerEvent 617 144 0 0 0 0 0
RenderEvent 617 144 0 0 0 0 0
MouseMoveEvent 617 141 0 0 0 0 0
TimerEvent 617 141 0 0 0 0 0
RenderEvent 617 141 0 0 0 0 0
MouseMoveEvent 617 138 0 0 0 0 0
TimerEvent 617 138 0 0 0 0 0
RenderEvent 617 138 0 0 0 0 0
MouseMoveEvent 617 131 0 0 0 0 0
TimerEvent 617 131 0 0 0 0 0
RenderEvent 617 131 0 0 0 0 0
MouseMoveEvent 616 125 0 0 0 0 0
TimerEvent 616 125 0 0 0 0 0
RenderEvent 616 125 0 0 0 0 0
MouseMoveEvent 616 120 0 0 0 0 0
TimerEvent 616 120 0 0 0 0 0
RenderEvent 616 120 0 0 0 0 0
MouseMoveEvent 616 117 0 0 0 0 0
TimerEvent 616 117 0 0 0 0 0
RenderEvent 616 117 0 0 0 0 0
TimerEvent 616 117 0 0 0 0 0
RenderEvent 616 117 0 0 0 0 0
TimerEvent 616 117 0 0 0 0 0
RenderEvent 616 117 0 0 0 0 0
TimerEvent 616 117 0 0 0 0 0
RenderEvent 616 117 0 0 0 0 0
TimerEvent 616 117 0 0 0 0 0
RenderEvent 616 117 0 0 0 0 0
TimerEvent 616 117 0 0 0 0 0
RenderEvent 616 117 0 0 0 0 0
LeftButtonReleaseEvent 616 117 0 0 0 0 0
EndInteractionEvent 616 117 0 0 0 0 0
RenderEvent 616 117 0 0 0 0 0
MouseMoveEvent 620 130 0 0 0 0 0
MouseMoveEvent 623 141 0 0 0 0 0
MouseMoveEvent 624 154 0 0 0 0 0
MouseMoveEvent 624 174 0 0 0 0 0
MouseMoveEvent 624 196 0 0 0 0 0
MouseMoveEvent 624 218 0 0 0 0 0
MouseMoveEvent 624 227 0 0 0 0 0
MouseMoveEvent 624 229 0 0 0 0 0
MouseMoveEvent 624 231 0 0 0 0 0
MouseMoveEvent 624 233 0 0 0 0 0
MouseMoveEvent 624 234 0 0 0 0 0
MouseMoveEvent 624 236 0 0 0 0 0
MouseMoveEvent 624 241 0 0 0 0 0
MouseMoveEvent 625 244 0 0 0 0 0
MouseMoveEvent 625 246 0 0 0 0 0
MouseMoveEvent 625 247 0 0 0 0 0
MouseMoveEvent 625 251 0 0 0 0 0
MouseMoveEvent 625 255 0 0 0 0 0
MouseMoveEvent 625 259 0 0 0 0 0
MouseMoveEvent 626 265 0 0 0 0 0
MouseMoveEvent 627 269 0 0 0 0 0
MouseMoveEvent 627 270 0 0 0 0 0
MouseMoveEvent 627 273 0 0 0 0 0
MouseMoveEvent 627 276 0 0 0 0 0
MouseMoveEvent 626 282 0 0 0 0 0
MouseMoveEvent 623 290 0 0 0 0 0
MouseMoveEvent 622 295 0 0 0 0 0
MouseMoveEvent 619 305 0 0 0 0 0
MouseMoveEvent 614 314 0 0 0 0 0
MouseMoveEvent 612 319 0 0 0 0 0
MouseMoveEvent 611 321 0 0 0 0 0
MouseMoveEvent 610 322 0 0 0 0 0
MouseMoveEvent 609 323 0 0 0 0 0
MouseMoveEvent 608 323 0 0 0 0 0
MouseMoveEvent 608 324 0 0 0 0 0
RightButtonPressEvent 608 324 0 0 0 0 0
StartInteractionEvent 608 324 0 0 0 0 0
TimerEvent 608 324 0 0 0 0 0
RenderEvent 608 324 0 0 0 0 0
TimerEvent 608 324 0 0 0 0 0
RenderEvent 608 324 0 0 0 0 0
TimerEvent 608 324 0 0 0 0 0
RenderEvent 608 324 0 0 0 0 0
TimerEvent 608 324 0 0 0 0 0
RenderEvent 608 324 0 0 0 0 0
TimerEvent 608 324 0 0 0 0 0
RenderEvent 608 324 0 0 0 0 0
TimerEvent 608 324 0 0 0 0 0
RenderEvent 608 324 0 0 0 0 0
TimerEvent 608 324 0 0 0 0 0
RenderEvent 608 324 0 0 0 0 0
TimerEvent 608 324 0 0 0 0 0
RenderEvent 608 324 0 0 0 0 0
TimerEvent 608 324 0 0 0 0 0
RenderEvent 608 324 0 0 0 0 0
TimerEvent 608 324 0 0 0 0 0
RenderEvent 608 324 0 0 0 0 0
TimerEvent 608 324 0 0 0 0 0
RenderEvent 608 324 0 0 0 0 0
TimerEvent 608 324 0 0 0 0 0
RenderEvent 608 324 0 0 0 0 0
TimerEvent 608 324 0 0 0 0 0
RenderEvent 608 324 0 0 0 0 0
TimerEvent 608 324 0 0 0 0 0
RenderEvent 608 324 0 0 0 0 0
RightButtonReleaseEvent 608 324 0 0 0 0 0
EndInteractionEvent 608 324 0 0 0 0 0
RenderEvent 608 324 0 0 0 0 0
MouseMoveEvent 608 321 0 0 0 0 0
MouseMoveEvent 614 296 0 0 0 0 0
MouseMoveEvent 621 274 0 0 0 0 0
MouseMoveEvent 626 251 0 0 0 0 0
MouseMoveEvent 632 226 0 0 0 0 0
MouseMoveEvent 633 216 0 0 0 0 0
MouseMoveEvent 634 214 0 0 0 0 0
MouseMoveEvent 634 209 0 0 0 0 0
MouseMoveEvent 634 206 0 0 0 0 0
MouseMoveEvent 635 203 0 0 0 0 0
MouseMoveEvent 637 198 0 0 0 0 0
MouseMoveEvent 639 196 0 0 0 0 0
MouseMoveEvent 641 191 0 0 0 0 0
MouseMoveEvent 644 185 0 0 0 0 0
MouseMoveEvent 645 183 0 0 0 0 0
MouseMoveEvent 646 182 0 0 0 0 0
MouseMoveEvent 648 180 0 0 0 0 0
MouseMoveEvent 651 178 0 0 0 0 0
MouseMoveEvent 654 174 0 0 0 0 0
MouseMoveEvent 656 166 0 0 0 0 0
MouseMoveEvent 660 155 0 0 0 0 0
MouseMoveEvent 663 146 0 0 0 0 0
MouseMoveEvent 665 125 0 0 0 0 0
MouseMoveEvent 668 112 0 0 0 0 0
MouseMoveEvent 671 106 0 0 0 0 0
MouseMoveEvent 671 104 0 0 0 0 0
MouseMoveEvent 672 102 0 0 0 0 0
MouseMoveEvent 672 101 0 0 0 0 0
MouseMoveEvent 672 99 0 0 0 0 0
MouseMoveEvent 673 97 0 0 0 0 0
MouseMoveEvent 673 93 0 0 0 0 0
MouseMoveEvent 673 88 0 0 0 0 0
MouseMoveEvent 673 83 0 0 0 0 0
MouseMoveEvent 676 78 0 0 0 0 0
MouseMoveEvent 678 75 0 0 0 0 0
MouseMoveEvent 678 74 0 0 0 0 0
MouseMoveEvent 679 69 0 0 0 0 0
MouseMoveEvent 679 68 0 0 0 0 0
MouseMoveEvent 679 67 0 0 0 0 0
MouseMoveEvent 680 65 0 0 0 0 0
MouseMoveEvent 680 64 0 0 0 0 0
MouseMoveEvent 680 63 0 0 0 0 0
MouseMoveEvent 680 62 0 0 0 0 0
MouseMoveEvent 681 60 0 0 0 0 0
MouseMoveEvent 683 58 0 0 0 0 0
MouseMoveEvent 684 57 0 0 0 0 0
MouseMoveEvent 686 55 0 0 0 0 0
MouseMoveEvent 689 53 0 0 0 0 0
MouseMoveEvent 691 52 0 0 0 0 0
MouseMoveEvent 692 50 0 0 0 0 0
MouseMoveEvent 693 58 0 0 0 0 0
MouseMoveEvent 694 73 0 0 0 0 0
MouseMoveEvent 695 83 0 0 0 0 0
MouseMoveEvent 696 105 0 0 0 0 0
MouseMoveEvent 696 125 0 0 0 0 0
MouseMoveEvent 693 131 0 0 0 0 0
MouseMoveEvent 690 140 0 0 0 0 0
MouseMoveEvent 685 146 0 0 0 0 0
MouseMoveEvent 683 148 0 0 0 0 0
MouseMoveEvent 682 150 0 0 0 0 0
MouseMoveEvent 681 150 0 0 0 0 0
MouseMoveEvent 681 151 0 0 0 0 0
LeftButtonPressEvent 681 151 0 0 0 0 0
StartInteractionEvent 681 151 0 0 0 0 0
TimerEvent 681 151 0 0 0 0 0
RenderEvent 681 151 0 0 0 0 0
TimerEvent 681 151 0 0 0 0 0
RenderEvent 681 151 0 0 0 0 0
TimerEvent 681 151 0 0 0 0 0
RenderEvent 681 151 0 0 0 0 0
MouseMoveEvent 682 151 0 0 0 0 0
TimerEvent 682 151 0 0 0 0 0
RenderEvent 682 151 0 0 0 0 0
MouseMoveEvent 687 151 0 0 0 0 0
TimerEvent 687 151 0 0 0 0 0
RenderEvent 687 151 0 0 0 0 0
MouseMoveEvent 691 151 0 0 0 0 0
TimerEvent 691 151 0 0 0 0 0
RenderEvent 691 151 0 0 0 0 0
MouseMoveEvent 693 151 0 0 0 0 0
TimerEvent 693 151 0 0 0 0 0
RenderEvent 693 151 0 0 0 0 0
MouseMoveEvent 695 151 0 0 0 0 0
TimerEvent 695 151 0 0 0 0 0
RenderEvent 695 151 0 0 0 0 0
MouseMoveEvent 696 151 0 0 0 0 0
TimerEvent 696 151 0 0 0 0 0
RenderEvent 696 151 0 0 0 0 0
MouseMoveEvent 697 151 0 0 0 0 0
TimerEvent 697 151 0 0 0 0 0
RenderEvent 697 151 0 0 0 0 0
MouseMoveEvent 698 151 0 0 0 0 0
TimerEvent 698 151 0 0 0 0 0
RenderEvent 698 151 0 0 0 0 0
MouseMoveEvent 699 151 0 0 0 0 0
TimerEvent 699 151 0 0 0 0 0
RenderEvent 699 151 0 0 0 0 0
MouseMoveEvent 700 151 0 0 0 0 0
TimerEvent 700 151 0 0 0 0 0
RenderEvent 700 151 0 0 0 0 0
TimerEvent 700 151 0 0 0 0 0
RenderEvent 700 151 0 0 0 0 0
TimerEvent 700 151 0 0 0 0 0
RenderEvent 700 151 0 0 0 0 0
TimerEvent 700 151 0 0 0 0 0
RenderEvent 700 151 0 0 0 0 0
LeftButtonReleaseEvent 700 151 0 0 0 0 0
EndInteractionEvent 700 151 0 0 0 0 0
RenderEvent 700 151 0 0 0 0 0
MouseMoveEvent 700 150 0 0 0 0 0
MouseMoveEvent 700 149 0 0 0 0 0
MouseMoveEvent 699 147 0 0 0 0 0
MouseMoveEvent 698 142 0 0 0 0 0
MouseMoveEvent 697 135 0 0 0 0 0
MouseMoveEvent 697 128 0 0 0 0 0
MouseMoveEvent 697 123 0 0 0 0 0
MouseMoveEvent 696 120 0 0 0 0 0
MouseMoveEvent 695 116 0 0 0 0 0
MouseMoveEvent 695 114 0 0 0 0 0
MouseMoveEvent 694 113 0 0 0 0 0
MouseMoveEvent 694 112 0 0 0 0 0
MouseMoveEvent 694 109 0 0 0 0 0
MouseMoveEvent 694 107 0 0 0 0 0
MouseMoveEvent 694 105 0 0 0 0 0
MouseMoveEvent 694 101 0 0 0 0 0
MouseMoveEvent 694 99 0 0 0 0 0
MouseMoveEvent 694 97 0 0 0 0 0
MouseMoveEvent 694 95 0 0 0 0 0
MouseMoveEvent 694 92 0 0 0 0 0
MouseMoveEvent 694 85 0 0 0 0 0
MouseMoveEvent 694 82 0 0 0 0 0
MouseMoveEvent 694 79 0 0 0 0 0
MouseMoveEvent 694 76 0 0 0 0 0
MouseMoveEvent 694 75 0 0 0 0 0
MouseMoveEvent 694 74 0 0 0 0 0
MouseMoveEvent 694 73 0 0 0 0 0
MouseMoveEvent 695 72 0 0 0 0 0
MouseMoveEvent 695 71 0 0 0 0 0
MouseMoveEvent 696 70 0 0 0 0 0
MouseMoveEvent 698 67 0 0 0 0 0
MouseMoveEvent 700 63 0 0 0 0 0
MouseMoveEvent 701 60 0 0 0 0 0
MouseMoveEvent 701 58 0 0 0 0 0
MouseMoveEvent 703 57 0 0 0 0 0
MouseMoveEvent 704 57 0 0 0 0 0
MouseMoveEvent 705 56 0 0 0 0 0
MouseMoveEvent 707 55 0 0 0 0 0
MouseMoveEvent 709 53 0 0 0 0 0
MouseMoveEvent 712 50 0 0 0 0 0
MouseMoveEvent 714 47 0 0 0 0 0
MouseMoveEvent 717 44 0 0 0 0 0
MouseMoveEvent 717 43 0 0 0 0 0
RightButtonPressEvent 717 43 0 0 0 0 0
StartInteractionEvent 717 43 0 0 0 0 0
TimerEvent 717 43 0 0 0 0 0
RenderEvent 717 43 0 0 0 0 0
TimerEvent 717 43 0 0 0 0 0
RenderEvent 717 43 0 0 0 0 0
TimerEvent 717 43 0 0 0 0 0
RenderEvent 717 43 0 0 0 0 0
TimerEvent 717 43 0 0 0 0 0
RenderEvent 717 43 0 0 0 0 0
TimerEvent 717 43 0 0 0 0 0
RenderEvent 717 43 0 0 0 0 0
TimerEvent 717 43 0 0 0 0 0
RenderEvent 717 43 0 0 0 0 0
TimerEvent 717 43 0 0 0 0 0
RenderEvent 717 43 0 0 0 0 0
TimerEvent 717 43 0 0 0 0 0
RenderEvent 717 43 0 0 0 0 0
TimerEvent 717 43 0 0 0 0 0
RenderEvent 717 43 0 0 0 0 0
TimerEvent 717 43 0 0 0 0 0
RenderEvent 717 43 0 0 0 0 0
TimerEvent 717 43 0 0 0 0 0
RenderEvent 717 43 0 0 0 0 0
TimerEvent 717 43 0 0 0 0 0
RenderEvent 717 43 0 0 0 0 0
TimerEvent 717 43 0 0 0 0 0
RenderEvent 717 43 0 0 0 0 0
TimerEvent 717 43 0 0 0 0 0
RenderEvent 717 43 0 0 0 0 0
TimerEvent 717 43 0 0 0 0 0
RenderEvent 717 43 0 0 0 0 0
TimerEvent 717 43 0 0 0 0 0
RenderEvent 717 43 0 0 0 0 0
TimerEvent 717 43 0 0 0 0 0
RenderEvent 717 43 0 0 0 0 0
TimerEvent 717 43 0 0 0 0 0
RenderEvent 717 43 0 0 0 0 0
TimerEvent 717 43 0 0 0 0 0
RenderEvent 717 43 0 0 0 0 0
TimerEvent 717 43 0 0 0 0 0
RenderEvent 717 43 0 0 0 0 0
RightButtonReleaseEvent 717 43 0 0 0 0 0
EndInteractionEvent 717 43 0 0 0 0 0
RenderEvent 717 43 0 0 0 0 0
MouseMoveEvent 717 51 0 0 0 0 0
MouseMoveEvent 717 56 0 0 0 0 0
MouseMoveEvent 715 61 0 0 0 0 0
MouseMoveEvent 712 66 0 0 0 0 0
MouseMoveEvent 709 70 0 0 0 0 0
MouseMoveEvent 706 74 0 0 0 0 0
MouseMoveEvent 702 79 0 0 0 0 0
MouseMoveEvent 699 83 0 0 0 0 0
MouseMoveEvent 695 88 0 0 0 0 0
MouseMoveEvent 692 90 0 0 0 0 0
MouseMoveEvent 690 92 0 0 0 0 0
MouseMoveEvent 689 92 0 0 0 0 0
MouseMoveEvent 688 93 0 0 0 0 0
MouseMoveEvent 687 95 0 0 0 0 0
MouseMoveEvent 686 95 0 0 0 0 0
MouseMoveEvent 685 95 0 0 0 0 0
MouseMoveEvent 685 96 0 0 0 0 0
MouseMoveEvent 684 96 0 0 0 0 0
LeftButtonPressEvent 684 96 0 0 0 0 0
StartInteractionEvent 684 96 0 0 0 0 0
TimerEvent 684 96 0 0 0 0 0
RenderEvent 684 96 0 0 0 0 0
TimerEvent 684 96 0 0 0 0 0
RenderEvent 684 96 0 0 0 0 0
MouseMoveEvent 683 96 0 0 0 0 0
TimerEvent 683 96 0 0 0 0 0
RenderEvent 683 96 0 0 0 0 0
MouseMoveEvent 675 95 0 0 0 0 0
TimerEvent 675 95 0 0 0 0 0
RenderEvent 675 95 0 0 0 0 0
MouseMoveEvent 671 94 0 0 0 0 0
TimerEvent 671 94 0 0 0 0 0
RenderEvent 671 94 0 0 0 0 0
MouseMoveEvent 667 94 0 0 0 0 0
TimerEvent 667 94 0 0 0 0 0
RenderEvent 667 94 0 0 0 0 0
MouseMoveEvent 664 94 0 0 0 0 0
TimerEvent 664 94 0 0 0 0 0
RenderEvent 664 94 0 0 0 0 0
MouseMoveEvent 660 94 0 0 0 0 0
TimerEvent 660 94 0 0 0 0 0
RenderEvent 660 94 0 0 0 0 0
MouseMoveEvent 656 94 0 0 0 0 0
TimerEvent 656 94 0 0 0 0 0
RenderEvent 656 94 0 0 0 0 0
MouseMoveEvent 650 94 0 0 0 0 0
TimerEvent 650 94 0 0 0 0 0
RenderEvent 650 94 0 0 0 0 0
MouseMoveEvent 646 93 0 0 0 0 0
TimerEvent 646 93 0 0 0 0 0
RenderEvent 646 93 0 0 0 0 0
MouseMoveEvent 641 92 0 0 0 0 0
TimerEvent 641 92 0 0 0 0 0
RenderEvent 641 92 0 0 0 0 0
MouseMoveEvent 635 91 0 0 0 0 0
TimerEvent 635 91 0 0 0 0 0
RenderEvent 635 91 0 0 0 0 0
MouseMoveEvent 631 91 0 0 0 0 0
TimerEvent 631 91 0 0 0 0 0
RenderEvent 631 91 0 0 0 0 0
MouseMoveEvent 623 90 0 0 0 0 0
TimerEvent 623 90 0 0 0 0 0
RenderEvent 623 90 0 0 0 0 0
MouseMoveEvent 618 89 0 0 0 0 0
TimerEvent 618 89 0 0 0 0 0
RenderEvent 618 89 0 0 0 0 0
MouseMoveEvent 613 89 0 0 0 0 0
TimerEvent 613 89 0 0 0 0 0
RenderEvent 613 89 0 0 0 0 0
MouseMoveEvent 608 89 0 0 0 0 0
TimerEvent 608 89 0 0 0 0 0
RenderEvent 608 89 0 0 0 0 0
MouseMoveEvent 605 89 0 0 0 0 0
TimerEvent 605 89 0 0 0 0 0
RenderEvent 605 89 0 0 0 0 0
MouseMoveEvent 601 89 0 0 0 0 0
TimerEvent 601 89 0 0 0 0 0
RenderEvent 601 89 0 0 0 0 0
MouseMoveEvent 599 89 0 0 0 0 0
TimerEvent 599 89 0 0 0 0 0
RenderEvent 599 89 0 0 0 0 0
MouseMoveEvent 597 89 0 0 0 0 0
TimerEvent 597 89 0 0 0 0 0
RenderEvent 597 89 0 0 0 0 0
MouseMoveEvent 595 89 0 0 0 0 0
TimerEvent 595 89 0 0 0 0 0
RenderEvent 595 89 0 0 0 0 0
TimerEvent 595 89 0 0 0 0 0
RenderEvent 595 89 0 0 0 0 0
TimerEvent 595 89 0 0 0 0 0
RenderEvent 595 89 0 0 0 0 0
LeftButtonReleaseEvent 595 89 0 0 0 0 0
EndInteractionEvent 595 89 0 0 0 0 0
RenderEvent 595 89 0 0 0 0 0
MouseMoveEvent 596 89 0 0 0 0 0
MouseMoveEvent 599 89 0 0 0 0 0
MouseMoveEvent 601 89 0 0 0 0 0
MouseMoveEvent 605 89 0 0 0 0 0
MouseMoveEvent 610 89 0 0 0 0 0
MouseMoveEvent 622 89 0 0 0 0 0
MouseMoveEvent 625 89 0 0 0 0 0
MouseMoveEvent 628 89 0 0 0 0 0
MouseMoveEvent 629 89 0 0 0 0 0
MouseMoveEvent 630 90 0 0 0 0 0
MouseMoveEvent 632 91 0 0 0 0 0
MouseMoveEvent 632 92 0 0 0 0 0
MouseMoveEvent 634 94 0 0 0 0 0
LeftButtonPressEvent 633 93 0 0 0 0 0
StartInteractionEvent 633 93 0 0 0 0 0
MouseMoveEvent 634 94 0 0 0 0 0
TimerEvent 634 94 0 0 0 0 0
RenderEvent 634 94 0 0 0 0 0
MouseMoveEvent 635 96 0 0 0 0 0
TimerEvent 635 96 0 0 0 0 0
RenderEvent 635 96 0 0 0 0 0
MouseMoveEvent 638 100 0 0 0 0 0
TimerEvent 638 100 0 0 0 0 0
RenderEvent 638 100 0 0 0 0 0
MouseMoveEvent 638 105 0 0 0 0 0
TimerEvent 638 105 0 0 0 0 0
RenderEvent 638 105 0 0 0 0 0
MouseMoveEvent 639 115 0 0 0 0 0
TimerEvent 639 115 0 0 0 0 0
RenderEvent 639 115 0 0 0 0 0
MouseMoveEvent 639 123 0 0 0 0 0
TimerEvent 639 123 0 0 0 0 0
RenderEvent 639 123 0 0 0 0 0
MouseMoveEvent 639 132 0 0 0 0 0
TimerEvent 639 132 0 0 0 0 0
RenderEvent 639 132 0 0 0 0 0
MouseMoveEvent 639 138 0 0 0 0 0
TimerEvent 639 138 0 0 0 0 0
RenderEvent 639 138 0 0 0 0 0
MouseMoveEvent 639 145 0 0 0 0 0
TimerEvent 639 145 0 0 0 0 0
RenderEvent 639 145 0 0 0 0 0
MouseMoveEvent 639 148 0 0 0 0 0
TimerEvent 639 148 0 0 0 0 0
RenderEvent 639 148 0 0 0 0 0
MouseMoveEvent 639 155 0 0 0 0 0
TimerEvent 639 155 0 0 0 0 0
RenderEvent 639 155 0 0 0 0 0
MouseMoveEvent 639 175 0 0 0 0 0
TimerEvent 639 175 0 0 0 0 0
RenderEvent 639 175 0 0 0 0 0
MouseMoveEvent 639 188 0 0 0 0 0
TimerEvent 639 188 0 0 0 0 0
RenderEvent 639 188 0 0 0 0 0
MouseMoveEvent 639 196 0 0 0 0 0
TimerEvent 639 196 0 0 0 0 0
RenderEvent 639 196 0 0 0 0 0
MouseMoveEvent 639 202 0 0 0 0 0
TimerEvent 639 202 0 0 0 0 0
RenderEvent 639 202 0 0 0 0 0
MouseMoveEvent 640 214 0 0 0 0 0
TimerEvent 640 214 0 0 0 0 0
RenderEvent 640 214 0 0 0 0 0
MouseMoveEvent 640 219 0 0 0 0 0
TimerEvent 640 219 0 0 0 0 0
RenderEvent 640 219 0 0 0 0 0
MouseMoveEvent 641 223 0 0 0 0 0
TimerEvent 641 223 0 0 0 0 0
RenderEvent 641 223 0 0 0 0 0
MouseMoveEvent 641 226 0 0 0 0 0
TimerEvent 641 226 0 0 0 0 0
RenderEvent 641 226 0 0 0 0 0
MouseMoveEvent 641 227 0 0 0 0 0
TimerEvent 641 227 0 0 0 0 0
RenderEvent 641 227 0 0 0 0 0
MouseMoveEvent 641 228 0 0 0 0 0
TimerEvent 641 228 0 0 0 0 0
RenderEvent 641 228 0 0 0 0 0
TimerEvent 641 228 0 0 0 0 0
RenderEvent 641 228 0 0 0 0 0
TimerEvent 641 228 0 0 0 0 0
RenderEvent 641 228 0 0 0 0 0
LeftButtonReleaseEvent 641 228 0 0 0 0 0
EndInteractionEvent 641 228 0 0 0 0 0
RenderEvent 641 228 0 0 0 0 0
MouseMoveEvent 649 228 0 0 0 0 0
MouseMoveEvent 651 228 0 0 0 0 0
MouseMoveEvent 653 228 0 0 0 0 0
MouseMoveEvent 656 228 0 0 0 0 0
MouseMoveEvent 657 228 0 0 0 0 0
MouseMoveEvent 659 228 0 0 0 0 0
MouseMoveEvent 660 228 0 0 0 0 0
MouseMoveEvent 661 228 0 0 0 0 0
MouseMoveEvent 662 228 0 0 0 0 0
MouseMoveEvent 663 228 0 0 0 0 0
LeftButtonPressEvent 663 228 0 0 0 0 0
StartInteractionEvent 663 228 0 0 0 0 0
TimerEvent 663 228 0 0 0 0 0
RenderEvent 663 228 0 0 0 0 0
MouseMoveEvent 662 227 0 0 0 0 0
TimerEvent 662 227 0 0 0 0 0
RenderEvent 662 227 0 0 0 0 0
MouseMoveEvent 660 223 0 0 0 0 0
TimerEvent 660 223 0 0 0 0 0
RenderEvent 660 223 0 0 0 0 0
MouseMoveEvent 656 215 0 0 0 0 0
TimerEvent 656 215 0 0 0 0 0
RenderEvent 656 215 0 0 0 0 0
MouseMoveEvent 652 207 0 0 0 0 0
TimerEvent 652 207 0 0 0 0 0
RenderEvent 652 207 0 0 0 0 0
MouseMoveEvent 646 201 0 0 0 0 0
TimerEvent 646 201 0 0 0 0 0
RenderEvent 646 201 0 0 0 0 0
MouseMoveEvent 639 194 0 0 0 0 0
TimerEvent 639 194 0 0 0 0 0
RenderEvent 639 194 0 0 0 0 0
MouseMoveEvent 634 188 0 0 0 0 0
TimerEvent 634 188 0 0 0 0 0
RenderEvent 634 188 0 0 0 0 0
MouseMoveEvent 629 183 0 0 0 0 0
TimerEvent 629 183 0 0 0 0 0
RenderEvent 629 183 0 0 0 0 0
MouseMoveEvent 623 176 0 0 0 0 0
TimerEvent 623 176 0 0 0 0 0
RenderEvent 623 176 0 0 0 0 0
MouseMoveEvent 617 170 0 0 0 0 0
TimerEvent 617 170 0 0 0 0 0
RenderEvent 617 170 0 0 0 0 0
MouseMoveEvent 611 161 0 0 0 0 0
TimerEvent 611 161 0 0 0 0 0
RenderEvent 611 161 0 0 0 0 0
MouseMoveEvent 600 141 0 0 0 0 0
TimerEvent 600 141 0 0 0 0 0
RenderEvent 600 141 0 0 0 0 0
MouseMoveEvent 586 129 0 0 0 0 0
TimerEvent 586 129 0 0 0 0 0
RenderEvent 586 129 0 0 0 0 0
MouseMoveEvent 582 124 0 0 0 0 0
TimerEvent 582 124 0 0 0 0 0
RenderEvent 582 124 0 0 0 0 0
MouseMoveEvent 580 119 0 0 0 0 0
TimerEvent 580 119 0 0 0 0 0
RenderEvent 580 119 0 0 0 0 0
MouseMoveEvent 578 115 0 0 0 0 0
TimerEvent 578 115 0 0 0 0 0
RenderEvent 578 115 0 0 0 0 0
MouseMoveEvent 576 114 0 0 0 0 0
TimerEvent 576 114 0 0 0 0 0
RenderEvent 576 114 0 0 0 0 0
MouseMoveEvent 574 111 0 0 0 0 0
TimerEvent 574 111 0 0 0 0 0
RenderEvent 574 111 0 0 0 0 0
MouseMoveEvent 573 107 0 0 0 0 0
TimerEvent 573 107 0 0 0 0 0
RenderEvent 573 107 0 0 0 0 0
MouseMoveEvent 573 106 0 0 0 0 0
TimerEvent 573 106 0 0 0 0 0
RenderEvent 573 106 0 0 0 0 0
MouseMoveEvent 572 105 0 0 0 0 0
TimerEvent 572 105 0 0 0 0 0
RenderEvent 572 105 0 0 0 0 0
TimerEvent 572 105 0 0 0 0 0
RenderEvent 572 105 0 0 0 0 0
MouseMoveEvent 571 104 0 0 0 0 0
TimerEvent 571 104 0 0 0 0 0
RenderEvent 571 104 0 0 0 0 0
TimerEvent 571 104 0 0 0 0 0
RenderEvent 571 104 0 0 0 0 0
MouseMoveEvent 571 103 0 0 0 0 0
TimerEvent 571 103 0 0 0 0 0
RenderEvent 571 103 0 0 0 0 0
TimerEvent 571 103 0 0 0 0 0
RenderEvent 571 103 0 0 0 0 0
TimerEvent 571 103 0 0 0 0 0
RenderEvent 571 103 0 0 0 0 0
TimerEvent 571 103 0 0 0 0 0
RenderEvent 571 103 0 0 0 0 0
TimerEvent 571 103 0 0 0 0 0
RenderEvent 571 103 0 0 0 0 0
TimerEvent 571 103 0 0 0 0 0
RenderEvent 571 103 0 0 0 0 0
TimerEvent 571 103 0 0 0 0 0
RenderEvent 571 103 0 0 0 0 0
TimerEvent 571 103 0 0 0 0 0
RenderEvent 571 103 0 0 0 0 0
LeftButtonReleaseEvent 571 103 0 0 0 0 0
EndInteractionEvent 571 103 0 0 0 0 0
RenderEvent 571 103 0 0 0 0 0
MouseMoveEvent 573 105 0 0 0 0 0
MouseMoveEvent 576 105 0 0 0 0 0
MouseMoveEvent 578 105 0 0 0 0 0
MouseMoveEvent 580 105 0 0 0 0 0
MouseMoveEvent 581 105 0 0 0 0 0
MouseMoveEvent 582 105 0 0 0 0 0
MouseMoveEvent 583 105 0 0 0 0 0
MouseMoveEvent 584 105 0 0 0 0 0
MouseMoveEvent 585 105 0 0 0 0 0
MouseMoveEvent 586 105 0 0 0 0 0
MouseMoveEvent 595 117 0 0 0 0 0
MouseMoveEvent 619 142 0 0 0 0 0
MouseMoveEvent 647 170 0 0 0 0 0
MouseMoveEvent 681 217 0 0 0 0 0
MouseMoveEvent 720 279 0 0 0 0 0
MouseMoveEvent 749 347 0 0 0 0 0
MouseMoveEvent 765 380 0 0 0 0 0
MouseMoveEvent 769 398 0 0 0 0 0
LeaveEvent 782 423 0 0 0 0 0
ExitEvent 782 423 0 0 0 0 0
